{"uid":"8ce8de50b3bb078c","name":"User logs in successfully","fullName":"src/test/resources/features/Login.feature:8","historyId":"ef0ee2f6d6fda5c9d7fa2d4dfa03af79","time":{"start":1703678925984,"stop":1703678926068,"duration":84},"status":"skipped","statusMessage":"chromedriver located at src/test/resources/chromedriver.exe, cannot be executed\nFor documentation on this error, please visit: https://www.selenium.dev/documentation/webdriver/troubleshooting/errors/driver_location/\nBuild info: version: '4.16.1', revision: '9b4c83354e'\nSystem info: os.name: 'Linux', os.arch: 'amd64', os.version: '6.2.0-1018-azure', java.version: '21.0.1'\nDriver info: driver.version: ChromeDriver","statusTrace":"org.openqa.selenium.remote.NoSuchDriverException: chromedriver located at src/test/resources/chromedriver.exe, cannot be executed\nFor documentation on this error, please visit: https://www.selenium.dev/documentation/webdriver/troubleshooting/errors/driver_location/\nBuild info: version: '4.16.1', revision: '9b4c83354e'\nSystem info: os.name: 'Linux', os.arch: 'amd64', os.version: '6.2.0-1018-azure', java.version: '21.0.1'\nDriver info: driver.version: ChromeDriver\n\tat org.openqa.selenium.remote.service.DriverFinder.getPath(DriverFinder.java:45)\n\tat org.openqa.selenium.remote.service.DriverFinder.getPath(DriverFinder.java:13)\n\tat org.openqa.selenium.chrome.ChromeDriver.generateExecutor(ChromeDriver.java:100)\n\tat org.openqa.selenium.chrome.ChromeDriver.<init>(ChromeDriver.java:89)\n\tat org.openqa.selenium.chrome.ChromeDriver.<init>(ChromeDriver.java:84)\n\tat org.openqa.selenium.chrome.ChromeDriver.<init>(ChromeDriver.java:73)\n\tat com.saucedemo.utilities.driver.DriverManager.initializeDriver(DriverManager.java:14)\n\tat com.saucedemo.utilities.settings.ScenarioContext.getDriver(ScenarioContext.java:35)\n\tat com.saucedemo.steps.Hooks.beforeScenario(Hooks.java:21)\n","flaky":false,"newFailed":false,"newBroken":false,"newPassed":false,"retriesCount":0,"retriesStatusChange":false,"beforeStages":[{"name":"com.saucedemo.steps.Hooks.beforeScenario()","time":{"start":1703678925989,"stop":1703678926042,"duration":53},"status":"broken","statusMessage":"BEFORE is failed: chromedriver located at src/test/resources/chromedriver.exe, cannot be executed\nFor documentation on this error, please visit: https://www.selenium.dev/documentation/webdriver/troubleshooting/errors/driver_location/\nBuild info: version: '4.16.1', revision: '9b4c83354e'\nSystem info: os.name: 'Linux', os.arch: 'amd64', os.version: '6.2.0-1018-azure', java.version: '21.0.1'\nDriver info: driver.version: ChromeDriver","statusTrace":"org.openqa.selenium.remote.NoSuchDriverException: chromedriver located at src/test/resources/chromedriver.exe, cannot be executed\nFor documentation on this error, please visit: https://www.selenium.dev/documentation/webdriver/troubleshooting/errors/driver_location/\nBuild info: version: '4.16.1', revision: '9b4c83354e'\nSystem info: os.name: 'Linux', os.arch: 'amd64', os.version: '6.2.0-1018-azure', java.version: '21.0.1'\nDriver info: driver.version: ChromeDriver\n\tat org.openqa.selenium.remote.service.DriverFinder.getPath(DriverFinder.java:45)\n\tat org.openqa.selenium.remote.service.DriverFinder.getPath(DriverFinder.java:13)\n\tat org.openqa.selenium.chrome.ChromeDriver.generateExecutor(ChromeDriver.java:100)\n\tat org.openqa.selenium.chrome.ChromeDriver.<init>(ChromeDriver.java:89)\n\tat org.openqa.selenium.chrome.ChromeDriver.<init>(ChromeDriver.java:84)\n\tat org.openqa.selenium.chrome.ChromeDriver.<init>(ChromeDriver.java:73)\n\tat com.saucedemo.utilities.driver.DriverManager.initializeDriver(DriverManager.java:14)\n\tat com.saucedemo.utilities.settings.ScenarioContext.getDriver(ScenarioContext.java:35)\n\tat com.saucedemo.steps.Hooks.beforeScenario(Hooks.java:21)\n","steps":[],"attachments":[],"parameters":[],"shouldDisplayMessage":true,"stepsCount":0,"attachmentsCount":0,"hasContent":true,"attachmentStep":false}],"testStage":{"status":"skipped","statusMessage":"chromedriver located at src/test/resources/chromedriver.exe, cannot be executed\nFor documentation on this error, please visit: https://www.selenium.dev/documentation/webdriver/troubleshooting/errors/driver_location/\nBuild info: version: '4.16.1', revision: '9b4c83354e'\nSystem info: os.name: 'Linux', os.arch: 'amd64', os.version: '6.2.0-1018-azure', java.version: '21.0.1'\nDriver info: driver.version: ChromeDriver","statusTrace":"org.openqa.selenium.remote.NoSuchDriverException: chromedriver located at src/test/resources/chromedriver.exe, cannot be executed\nFor documentation on this error, please visit: https://www.selenium.dev/documentation/webdriver/troubleshooting/errors/driver_location/\nBuild info: version: '4.16.1', revision: '9b4c83354e'\nSystem info: os.name: 'Linux', os.arch: 'amd64', os.version: '6.2.0-1018-azure', java.version: '21.0.1'\nDriver info: driver.version: ChromeDriver\n\tat org.openqa.selenium.remote.service.DriverFinder.getPath(DriverFinder.java:45)\n\tat org.openqa.selenium.remote.service.DriverFinder.getPath(DriverFinder.java:13)\n\tat org.openqa.selenium.chrome.ChromeDriver.generateExecutor(ChromeDriver.java:100)\n\tat org.openqa.selenium.chrome.ChromeDriver.<init>(ChromeDriver.java:89)\n\tat org.openqa.selenium.chrome.ChromeDriver.<init>(ChromeDriver.java:84)\n\tat org.openqa.selenium.chrome.ChromeDriver.<init>(ChromeDriver.java:73)\n\tat com.saucedemo.utilities.driver.DriverManager.initializeDriver(DriverManager.java:14)\n\tat com.saucedemo.utilities.settings.ScenarioContext.getDriver(ScenarioContext.java:35)\n\tat com.saucedemo.steps.Hooks.beforeScenario(Hooks.java:21)\n","steps":[{"name":"Given  the user is on the home page","time":{"start":1703678926045,"stop":1703678926048,"duration":3},"status":"skipped","steps":[],"attachments":[],"parameters":[],"shouldDisplayMessage":false,"stepsCount":0,"attachmentsCount":0,"hasContent":false,"attachmentStep":false},{"name":"When  the user enters the \"standard_user\" and the \"secret_sauce\"","time":{"start":1703678926048,"stop":1703678926050,"duration":2},"status":"skipped","steps":[],"attachments":[],"parameters":[],"shouldDisplayMessage":false,"stepsCount":0,"attachmentsCount":0,"hasContent":false,"attachmentStep":false},{"name":"Then  the user should be successfully authenticated","time":{"start":1703678926050,"stop":1703678926050,"duration":0},"status":"skipped","steps":[],"attachments":[],"parameters":[],"shouldDisplayMessage":false,"stepsCount":0,"attachmentsCount":0,"hasContent":false,"attachmentStep":false}],"attachments":[],"parameters":[],"shouldDisplayMessage":true,"stepsCount":3,"attachmentsCount":0,"hasContent":true,"attachmentStep":false},"afterStages":[{"name":"com.saucedemo.steps.Hooks.afterScenario(io.cucumber.java.Scenario)","time":{"start":1703678926051,"stop":1703678926057,"duration":6},"status":"broken","statusMessage":"AFTER is failed: chromedriver located at src/test/resources/chromedriver.exe, cannot be executed\nFor documentation on this error, please visit: https://www.selenium.dev/documentation/webdriver/troubleshooting/errors/driver_location/\nBuild info: version: '4.16.1', revision: '9b4c83354e'\nSystem info: os.name: 'Linux', os.arch: 'amd64', os.version: '6.2.0-1018-azure', java.version: '21.0.1'\nDriver info: driver.version: ChromeDriver","statusTrace":"org.openqa.selenium.remote.NoSuchDriverException: chromedriver located at src/test/resources/chromedriver.exe, cannot be executed\nFor documentation on this error, please visit: https://www.selenium.dev/documentation/webdriver/troubleshooting/errors/driver_location/\nBuild info: version: '4.16.1', revision: '9b4c83354e'\nSystem info: os.name: 'Linux', os.arch: 'amd64', os.version: '6.2.0-1018-azure', java.version: '21.0.1'\nDriver info: driver.version: ChromeDriver\n\tat org.openqa.selenium.remote.service.DriverFinder.getPath(DriverFinder.java:45)\n\tat org.openqa.selenium.remote.service.DriverFinder.getPath(DriverFinder.java:13)\n\tat org.openqa.selenium.chrome.ChromeDriver.generateExecutor(ChromeDriver.java:100)\n\tat org.openqa.selenium.chrome.ChromeDriver.<init>(ChromeDriver.java:89)\n\tat org.openqa.selenium.chrome.ChromeDriver.<init>(ChromeDriver.java:84)\n\tat org.openqa.selenium.chrome.ChromeDriver.<init>(ChromeDriver.java:73)\n\tat com.saucedemo.utilities.driver.DriverManager.initializeDriver(DriverManager.java:14)\n\tat com.saucedemo.utilities.settings.ScenarioContext.getDriver(ScenarioContext.java:35)\n\tat com.saucedemo.utilities.settings.ScenarioContext.testResult(ScenarioContext.java:71)\n\tat com.saucedemo.steps.Hooks.afterScenario(Hooks.java:37)\n","steps":[],"attachments":[],"parameters":[],"shouldDisplayMessage":true,"stepsCount":0,"attachmentsCount":0,"hasContent":true,"attachmentStep":false}],"labels":[{"name":"tag","value":"Login"},{"name":"tag","value":"Scen_01"},{"name":"tag","value":"Regression"},{"name":"host","value":"fv-az570-517"},{"name":"thread","value":"2155@fv-az570-517.main(1)"},{"name":"feature","value":"User Authentication"},{"name":"story","value":"User logs in successfully"},{"name":"suite","value":"User Authentication"},{"name":"testClass","value":"User logs in successfully"},{"name":"framework","value":"cucumber4jvm"},{"name":"language","value":"java"},{"name":"gherkin_uri","value":"file:///home/runner/work/saucedemo-challenge/saucedemo-challenge/src/test/resources/features/Login.feature"},{"name":"package","value":"src.test.resources.features.Login_feature.User Authentication"},{"name":"resultFormat","value":"allure2"}],"parameters":[],"links":[],"hidden":false,"retry":false,"extra":{"severity":"normal","retries":[],"categories":[],"tags":["Scen_01","Regression","Login"]},"source":"8ce8de50b3bb078c.json","parameterValues":[]}